d:\workspace\c++\opengl\consoleapplication1\x64\release\vc142.pdb
d:\workspace\c++\opengl\consoleapplication1\x64\release\두근두근도넛.obj
d:\workspace\c++\opengl\consoleapplication1\x64\release\두개의축_팔.obj
d:\workspace\c++\opengl\consoleapplication1\x64\release\play_car.obj
d:\workspace\opengl\consoleapplication1\x64\release\vc142.pdb
d:\workspace\opengl\consoleapplication1\x64\release\fourview.obj
d:\workspace\c++\opengl\x64\release\computer graphic.exe
d:\workspace\c++\opengl\consoleapplication1\x64\release\computer graphic.ipdb
d:\workspace\c++\opengl\consoleapplication1\x64\release\computer graphic.iobj
d:\workspace\c++\opengl\x64\release\computer graphic.pdb
d:\workspace\opengl\x64\release\computer graphic.exe
d:\workspace\opengl\consoleapplication1\x64\release\computer graphic.ipdb
d:\workspace\opengl\consoleapplication1\x64\release\computer graphic.iobj
d:\workspace\opengl\x64\release\computer graphic.pdb
d:\workspace\opengl\consoleapplication1\x64\release\201621763_허성민.obj
d:\workspace\opengl\consoleapplication1\x64\release\play_car.obj
d:\workspace\opengl\consoleapplication1\x64\release\test.obj
d:\workspace\opengl\consoleapplication1\x64\release\test22222222.obj
d:\workspace\opengl\consoleapplication1\x64\release\testttttttttttttttttt.obj
d:\workspace\opengl\consoleapplication1\x64\release\wtf.obj
d:\workspace\opengl\consoleapplication1\x64\release\두개의축_팔.obj
d:\workspace\opengl\consoleapplication1\x64\release\두근두근도넛.obj
d:\workspace\opengl\consoleapplication1\x64\release\뱅글뱅글 찻주전자_허성민.obj
d:\workspace\opengl\consoleapplication1\x64\release\소스.obj
d:\workspace\opengl\consoleapplication1\x64\release\computer graphic.tlog\cl.command.1.tlog
d:\workspace\opengl\consoleapplication1\x64\release\computer graphic.tlog\cl.read.1.tlog
d:\workspace\opengl\consoleapplication1\x64\release\computer graphic.tlog\cl.write.1.tlog
d:\workspace\opengl\consoleapplication1\x64\release\computer graphic.tlog\link.command.1.tlog
d:\workspace\opengl\consoleapplication1\x64\release\computer graphic.tlog\link.read.1.tlog
d:\workspace\opengl\consoleapplication1\x64\release\computer graphic.tlog\link.write.1.tlog
