c:\users\허성민\source\repos\consoleapplication1\consoleapplication1\debug\vc142.pdb
c:\users\허성민\source\repos\consoleapplication1\consoleapplication1\debug\vc142.idb
d:\workspace\c++\opengl\consoleapplication1\debug\vc142.pdb
d:\workspace\c++\opengl\consoleapplication1\debug\vc142.idb
d:\workspace\c++\opengl\consoleapplication1\debug\201621763_허성민.obj
d:\workspace\c++\opengl\debug\computer graphic.ilk
d:\workspace\c++\opengl\debug\computer graphic.exe
d:\workspace\c++\opengl\debug\computer graphic.pdb
d:\workspace\c++\opengl\consoleapplication1\debug\201621763_허성민_두근두근도넛.obj
d:\workspace\c++\opengl\consoleapplication1\debug\201621763_허성민_팔.obj
d:\workspace\c++\opengl\consoleapplication1\debug\joint_link_func.obj
d:\workspace\c++\opengl\consoleapplication1\debug\main.obj
d:\workspace\c++\opengl\consoleapplication1\debug\play_car_201621763.obj
d:\workspace\c++\opengl\consoleapplication1\debug\test.obj
d:\workspace\c++\opengl\consoleapplication1\debug\test22222222.obj
d:\workspace\c++\opengl\consoleapplication1\debug\testttttttttttttttttt.obj
d:\workspace\c++\opengl\consoleapplication1\debug\wtf.obj
d:\workspace\c++\opengl\consoleapplication1\debug\뱅글뱅글 찻주전자_허성민.obj
d:\workspace\c++\opengl\consoleapplication1\debug\소스.obj
d:\workspace\c++\opengl\consoleapplication1\debug\computer graphic.tlog\cl.command.1.tlog
d:\workspace\c++\opengl\consoleapplication1\debug\computer graphic.tlog\cl.read.1.tlog
d:\workspace\c++\opengl\consoleapplication1\debug\computer graphic.tlog\cl.write.1.tlog
d:\workspace\c++\opengl\consoleapplication1\debug\computer graphic.tlog\link.command.1.tlog
d:\workspace\c++\opengl\consoleapplication1\debug\computer graphic.tlog\link.read.1.tlog
d:\workspace\c++\opengl\consoleapplication1\debug\computer graphic.tlog\link.write.1.tlog
